 row  step     minPP     minRefined     majPP     majRefined
   1 CG/CG       ---       ---       ---       ---
   2 GA/TC       ---       ---       ---       ---
   3 AG/CT      11.9       ---      16.6       ---
   4 GA/TC       9.8       9.7      17.6      17.4
   5 AT/AT       9.1       9.1      17.9      17.6
   6 TT/AA      10.0      10.0      16.6      16.3
   7 TT/AA      11.2      11.2      16.2      16.1
   8 TG/CA      11.6      11.5      17.1      17.1
   9 GA/TC      11.9      11.9      20.8      20.7
  10 AT/AT      11.6      11.6      20.0      20.0
  11 TA/TA      11.3      11.3      19.7      19.7
  12 AC/GT      11.0      10.9      19.1      19.1
  13 CA/TG       9.8       9.8      17.8      17.6
  14 AT/AT       9.5       9.4      21.1      20.9
  15 TT/AA       9.3       9.3      21.3      21.2
  16 TG/CA       9.7       9.7      18.1      17.9
  17 GT/AC      10.9      10.8      17.5      17.5
  18 TT/AA      10.5      10.4      16.9      16.8
  19 TG/CA      11.1      11.1      18.7      18.6
  20 GC/GC      11.5      11.5      18.0      17.8
  21 CT/AG      11.1      11.1      16.6      16.2
  22 TC/GA      11.5       ---      18.4       ---
  23 CG/CG       ---       ---       ---       ---
  24 GA/TC       ---       ---       ---       ---